<?xml version="1.0" encoding="UTF-8"?>
<!-- Generated by org.testng.reporters.JUnitReportReporter -->
<testsuite hostname="TXCHD-PC-010" failures="0" tests="1" name="step_definitions.RunCukesPrerequisite" time="70.018" errors="0" timestamp="14 Jan 2021 09:43:28 GMT">
  <testcase classname="step_definitions.RunCukesPrerequisite" name="ftuuserwithphone" time="70.018"/>
</testsuite> <!-- step_definitions.RunCukesPrerequisite -->
