<?xml version="1.0" encoding="UTF-8"?>
<!-- Generated by org.testng.reporters.JUnitReportReporter -->
<testsuite hostname="DSCHD-LAP-083" name="test_runner.RunCukeSkuInventory" tests="1" failures="0" timestamp="30 Mar 2022 11:36:27 GMT" time="113.238" errors="0">
  <testcase name="ftuuser" time="113.238" classname="test_runner.RunCukeSkuInventory"/>
</testsuite> <!-- test_runner.RunCukeSkuInventory -->
