<?xml version="1.0" encoding="UTF-8"?>
<!-- Generated by org.testng.reporters.JUnitReportReporter -->
<testsuite hostname="TXCHD-LAP-046" failures="0" tests="1" name="step_definitions.RunCukesEUForgotPassword" time="133.897" errors="0" timestamp="6 Jan 2021 09:22:30 GMT">
  <testcase classname="step_definitions.RunCukesEUForgotPassword" name="LoginWithoutPhone" time="133.897"/>
</testsuite> <!-- step_definitions.RunCukesEUForgotPassword -->
