<?xml version="1.0" encoding="UTF-8"?>
<!-- Generated by org.testng.reporters.JUnitReportReporter -->
<testsuite hostname="TXCHD-PC-010" failures="0" tests="1" name="step_definitions.RunCukesPrerequisiteFTU" time="66.209" errors="0" timestamp="7 Jan 2021 09:27:10 GMT">
  <testcase classname="step_definitions.RunCukesPrerequisiteFTU" name="ftuuser" time="66.209"/>
</testsuite> <!-- step_definitions.RunCukesPrerequisiteFTU -->
