<?xml version="1.0" encoding="UTF-8"?>
<!-- Generated by org.testng.reporters.JUnitReportReporter -->
<testsuite hostname="TXCHD-LAP-046" failures="0" tests="1" name="step_definitions.RunCukesForgotUserName" time="127.939" errors="0" timestamp="6 Jan 2021 09:26:33 GMT">
  <testcase classname="step_definitions.RunCukesForgotUserName" name="TenantLogin" time="127.939"/>
</testsuite> <!-- step_definitions.RunCukesForgotUserName -->
