<?xml version="1.0" encoding="UTF-8"?>
<!-- Generated by org.testng.reporters.JUnitReportReporter -->
<testsuite hostname="TXCHD-PC-010" failures="0" tests="1" name="step_definitions.RunCukePostExecution" time="42.509" errors="0" timestamp="10 Nov 2020 14:03:49 GMT">
  <testcase classname="step_definitions.RunCukePostExecution" name="ftuuser" time="42.509"/>
</testsuite> <!-- step_definitions.RunCukePostExecution -->
