<?xml version="1.0" encoding="UTF-8"?>
<!-- Generated by org.testng.reporters.JUnitReportReporter -->
<testsuite hostname="DESKTOP-4KTATF6" name="test_runner.Pyramid" tests="1" failures="0" timestamp="12 May 2022 15:21:31 GMT" time="0.035" errors="0">
  <testcase name="pyramidMethod" time="0.035" classname="test_runner.Pyramid"/>
</testsuite> <!-- test_runner.Pyramid -->
